Using pre-set license
Built from '2020.3/release' branch; Version is '2020.3.7f1 (dd97f2c94397) revision 14522354'; Using compiler version '192528614'; Build Type 'Release'
OS: 'Windows 10 Home; OS build 19042.985; Version 2009; 64bit' Language: 'ko' Physical Memory: 16154 MB
BatchMode: 1, IsHumanControllingUs: 0, StartBugReporterOnCrash: 0, Is64bit: 1, IsPro: 0

 COMMAND LINE ARGUMENTS:
C:\Program Files\Unity\Hub\Editor\2020.3.7f1\Editor\Unity.exe
-adb2
-batchMode
-noUpm
-name
AssetImportWorker0
-projectPath
C:/Users/888tj/Documents/GitHub/DOITGameDev/DOITGameDev
-logFile
Logs/AssetImportWorker0.log
-srvPort
2469
Successfully changed project path to: C:/Users/888tj/Documents/GitHub/DOITGameDev/DOITGameDev
C:/Users/888tj/Documents/GitHub/DOITGameDev/DOITGameDev
Using Asset Import Pipeline V2.
Refreshing native plugins compatible for Editor in 33.97 ms, found 1 plugins.
Preloading 0 native plugins for Editor in 0.00 ms.
Initialize engine version: 2020.3.7f1 (dd97f2c94397)
[Subsystems] Discovering subsystems at path C:/Program Files/Unity/Hub/Editor/2020.3.7f1/Editor/Data/Resources/UnitySubsystems
[Subsystems] Discovering subsystems at path C:/Users/888tj/Documents/GitHub/DOITGameDev/DOITGameDev/Assets
GfxDevice: creating device client; threaded=0
Direct3D:
    Version:  Direct3D 11.0 [level 11.1]
    Renderer: NVIDIA GeForce RTX 2060 with Max-Q Design (ID=0x1f12)
    Vendor:   
    VRAM:     5980 MB
    Driver:   27.21.14.6627
Initialize mono
Mono path[0] = 'C:/Program Files/Unity/Hub/Editor/2020.3.7f1/Editor/Data/Managed'
Mono path[1] = 'C:/Program Files/Unity/Hub/Editor/2020.3.7f1/Editor/Data/MonoBleedingEdge/lib/mono/unityjit'
Mono config path = 'C:/Program Files/Unity/Hub/Editor/2020.3.7f1/Editor/Data/MonoBleedingEdge/etc'
Using monoOptions --debugger-agent=transport=dt_socket,embedding=1,server=y,suspend=n,address=127.0.0.1:56188
Begin MonoManager ReloadAssembly
Registering precompiled unity dll's ...
Register platform support module: C:/Program Files/Unity/Hub/Editor/2020.3.7f1/Editor/Data/PlaybackEngines/WindowsStandaloneSupport/UnityEditor.WindowsStandalone.Extensions.dll
Registered in 0.002172 seconds.
Native extension for WindowsStandalone target not found
Refreshing native plugins compatible for Editor in 32.88 ms, found 1 plugins.
Preloading 0 native plugins for Editor in 0.00 ms.
Mono: successfully reloaded assembly
- Completed reload, in  1.344 seconds
Platform modules already initialized, skipping
Registering precompiled user dll's ...
Registered in 0.000867 seconds.
Begin MonoManager ReloadAssembly
Native extension for WindowsStandalone target not found
Refreshing native plugins compatible for Editor in 31.01 ms, found 1 plugins.
Preloading 0 native plugins for Editor in 0.00 ms.
Mono: successfully reloaded assembly
- Completed reload, in  0.825 seconds
Platform modules already initialized, skipping
========================================================================
Worker process is ready to serve import requests
Launched and connected shader compiler UnityShaderCompiler.exe after 0.04 seconds
Refreshing native plugins compatible for Editor in 0.57 ms, found 1 plugins.
Preloading 0 native plugins for Editor in 0.00 ms.
Unloading 1810 Unused Serialized files (Serialized files now loaded: 0)
System memory in use before: 87.6 MB.
System memory in use after: 87.6 MB.

Unloading 24 unused Assets to reduce memory usage. Loaded Objects now: 2254.
Total: 2.063800 ms (FindLiveObjects: 0.409400 ms CreateObjectMapping: 0.103200 ms MarkObjects: 1.451000 ms  DeleteObjects: 0.099500 ms)

========================================================================
Received Import Request.
  path: Packages/com.unity.2d.spriteshape/Editor/Handles/ss_playhead.png
  artifactKey: Guid(9ea72647c24be493ba6f15a9cd2a24ae) Importer(815301076,1909f56bfc062723c751e8b465ee728b)
Start importing Packages/com.unity.2d.spriteshape/Editor/Handles/ss_playhead.png using Guid(9ea72647c24be493ba6f15a9cd2a24ae) Importer(815301076,1909f56bfc062723c751e8b465ee728b)  -> (artifact id: 'e533173faa949fed151a57295d4d97b3') in 0.131595 seconds
  Import took 0.134458 seconds .

========================================================================
Received Import Request.
  Time since last request: 0.000223 seconds.
  path: Packages/com.unity.2d.animation/Editor/Assets/SkinningModule/Icons/Light/Sprite_Mode@4x.png
  artifactKey: Guid(554a30a45860f494ca38586c54b7e5d9) Importer(815301076,1909f56bfc062723c751e8b465ee728b)
Start importing Packages/com.unity.2d.animation/Editor/Assets/SkinningModule/Icons/Light/Sprite_Mode@4x.png using Guid(554a30a45860f494ca38586c54b7e5d9) Importer(815301076,1909f56bfc062723c751e8b465ee728b)  -> (artifact id: 'eb3f27ed7709cdd1a3054c4675fd2627') in 0.010535 seconds
  Import took 0.013403 seconds .

========================================================================
Received Import Request.
  Time since last request: 0.000200 seconds.
  path: Packages/com.unity.2d.animation/Editor/Assets/SkinningModule/Icons/Selected/Sprite_Mode@4x.png
  artifactKey: Guid(2223b0a570b66ee42b3e0a79f0789b2a) Importer(815301076,1909f56bfc062723c751e8b465ee728b)
Start importing Packages/com.unity.2d.animation/Editor/Assets/SkinningModule/Icons/Selected/Sprite_Mode@4x.png using Guid(2223b0a570b66ee42b3e0a79f0789b2a) Importer(815301076,1909f56bfc062723c751e8b465ee728b)  -> (artifact id: '1c05e14bb2dfdb0f14f3faa625a07760') in 0.011781 seconds
  Import took 0.015551 seconds .

========================================================================
Received Import Request.
  Time since last request: 0.000280 seconds.
  path: Packages/com.unity.2d.sprite/Editor/ObjectMenuCreation/DefaultAssets/Textures/Square.png
  artifactKey: Guid(48e93eef0688c4a259cb0eddcd8661f7) Importer(815301076,1909f56bfc062723c751e8b465ee728b)
Start importing Packages/com.unity.2d.sprite/Editor/ObjectMenuCreation/DefaultAssets/Textures/Square.png using Guid(48e93eef0688c4a259cb0eddcd8661f7) Importer(815301076,1909f56bfc062723c751e8b465ee728b)  -> (artifact id: 'f27e55df2ec5e3c95e656fe5072dd335') in 0.014969 seconds
  Import took 0.018042 seconds .

========================================================================
Received Import Request.
  Time since last request: 0.000189 seconds.
  path: Packages/com.unity.2d.spriteshape/Editor/ObjectMenuCreation/DefaultAssets/Sprite Shapes/SpriteShapeEdge.png
  artifactKey: Guid(0ae2b74b1edd14bb18dd7b65ae916a54) Importer(815301076,1909f56bfc062723c751e8b465ee728b)
Start importing Packages/com.unity.2d.spriteshape/Editor/ObjectMenuCreation/DefaultAssets/Sprite Shapes/SpriteShapeEdge.png using Guid(0ae2b74b1edd14bb18dd7b65ae916a54) Importer(815301076,1909f56bfc062723c751e8b465ee728b)  -> (artifact id: '8aa72289789510fe01817453832f264d') in 0.012502 seconds
  Import took 0.015898 seconds .

========================================================================
Received Import Request.
  Time since last request: 0.000187 seconds.
  path: Packages/com.unity.2d.sprite/Editor/ObjectMenuCreation/DefaultAssets/Textures/SquareWithBorder.png
  artifactKey: Guid(db750325989564987a34393247d883b4) Importer(815301076,1909f56bfc062723c751e8b465ee728b)
Start importing Packages/com.unity.2d.sprite/Editor/ObjectMenuCreation/DefaultAssets/Textures/SquareWithBorder.png using Guid(db750325989564987a34393247d883b4) Importer(815301076,1909f56bfc062723c751e8b465ee728b)  -> (artifact id: 'a7a1a8afeed87cd2549f87d21b6bd762') in 0.012011 seconds
  Import took 0.015017 seconds .

========================================================================
Received Import Request.
  Time since last request: 0.000178 seconds.
  path: Packages/com.unity.2d.spriteshape/Editor/Handles/ss_leftrange.png
  artifactKey: Guid(9417efc47083f4a1598c1966a6345cdb) Importer(815301076,1909f56bfc062723c751e8b465ee728b)
Start importing Packages/com.unity.2d.spriteshape/Editor/Handles/ss_leftrange.png using Guid(9417efc47083f4a1598c1966a6345cdb) Importer(815301076,1909f56bfc062723c751e8b465ee728b)  -> (artifact id: '638d750854e47a5f50af9625bf5fb76f') in 0.012852 seconds
  Import took 0.016077 seconds .

========================================================================
Received Import Request.
  Time since last request: 0.000188 seconds.
  path: Packages/com.unity.2d.spriteshape/Editor/Handles/ss_rightrange.png
  artifactKey: Guid(ee5df01235032491c8b180741ea820fe) Importer(815301076,1909f56bfc062723c751e8b465ee728b)
Start importing Packages/com.unity.2d.spriteshape/Editor/Handles/ss_rightrange.png using Guid(ee5df01235032491c8b180741ea820fe) Importer(815301076,1909f56bfc062723c751e8b465ee728b)  -> (artifact id: '261306cda14afd29f0192b28319d6238') in 0.011327 seconds
  Import took 0.014075 seconds .

========================================================================
Received Import Request.
  Time since last request: 0.000171 seconds.
  path: Packages/com.unity.2d.path/Editor/Handles/TangentBroken.png
  artifactKey: Guid(b370d25fdf6f8914287e27c0c3dede6a) Importer(815301076,1909f56bfc062723c751e8b465ee728b)
Start importing Packages/com.unity.2d.path/Editor/Handles/TangentBroken.png using Guid(b370d25fdf6f8914287e27c0c3dede6a) Importer(815301076,1909f56bfc062723c751e8b465ee728b)  -> (artifact id: '3849aa5a48555bda13d7f96732c2901e') in 0.012278 seconds
  Import took 0.014939 seconds .

========================================================================
Received Import Request.
  Time since last request: 0.626422 seconds.
  path: Assets/보스.png
  artifactKey: Guid(12963471e29877844befc0d35ff1798b) Importer(815301076,1909f56bfc062723c751e8b465ee728b)
Start importing Assets/보스.png using Guid(12963471e29877844befc0d35ff1798b) Importer(815301076,1909f56bfc062723c751e8b465ee728b)  -> (artifact id: '905a6c984dc694c7b6f9b589dc9f662c') in 0.015864 seconds
  Import took 0.018981 seconds .

========================================================================
Received Import Request.
  Time since last request: 79.652337 seconds.
  path: Assets/Prefaps/Enemies
  artifactKey: Guid(6bfb32e85c113934ebc5a284f493a732) Importer(815301076,1909f56bfc062723c751e8b465ee728b)
Start importing Assets/Prefaps/Enemies using Guid(6bfb32e85c113934ebc5a284f493a732) Importer(815301076,1909f56bfc062723c751e8b465ee728b)  -> (artifact id: '9609795af0bd78cc85a21ad4ae422461') in 0.002724 seconds
  Import took 0.005391 seconds .

========================================================================
Received Import Request.
  Time since last request: 0.001135 seconds.
  path: Assets/Prefaps/Enemies/Alcohol.prefab
  artifactKey: Guid(41f941436553b254db95f95343e5eb43) Importer(815301076,1909f56bfc062723c751e8b465ee728b)
Start importing Assets/Prefaps/Enemies/Alcohol.prefab using Guid(41f941436553b254db95f95343e5eb43) Importer(815301076,1909f56bfc062723c751e8b465ee728b)  -> (artifact id: 'f1939e46b79ef6f2784164b795ac1a4b') in 0.034403 seconds
  Import took 0.036956 seconds .

========================================================================
Received Import Request.
  Time since last request: 0.000223 seconds.
  path: Assets/Prefaps/Enemies/Zombie.prefab
  artifactKey: Guid(86d4b9d04f5fa784187678621d6bdcf8) Importer(815301076,1909f56bfc062723c751e8b465ee728b)
Start importing Assets/Prefaps/Enemies/Zombie.prefab using Guid(86d4b9d04f5fa784187678621d6bdcf8) Importer(815301076,1909f56bfc062723c751e8b465ee728b)  -> (artifact id: '6a0de6cd5ae605b92bef14a0267507fe') in 0.007095 seconds
  Import took 0.009747 seconds .

========================================================================
Received Import Request.
  Time since last request: 0.000250 seconds.
  path: Assets/Prefaps/Enemies/Car.prefab
  artifactKey: Guid(e56044d36270364409168e38820eeda0) Importer(815301076,1909f56bfc062723c751e8b465ee728b)
Start importing Assets/Prefaps/Enemies/Car.prefab using Guid(e56044d36270364409168e38820eeda0) Importer(815301076,1909f56bfc062723c751e8b465ee728b)  -> (artifact id: '261835a4925381e58d2a992e97c2d1c0') in 0.008897 seconds
  Import took 0.012113 seconds .

========================================================================
Received Import Request.
  Time since last request: 0.000185 seconds.
  path: Assets/Prefaps/Enemies/Report.prefab
  artifactKey: Guid(a41ba44a4f534e04cb4663f29499a41f) Importer(815301076,1909f56bfc062723c751e8b465ee728b)
Start importing Assets/Prefaps/Enemies/Report.prefab using Guid(a41ba44a4f534e04cb4663f29499a41f) Importer(815301076,1909f56bfc062723c751e8b465ee728b)  -> (artifact id: 'c24d1b85b2e269c7721de7eec2373928') in 0.006873 seconds
  Import took 0.009371 seconds .

========================================================================
Received Import Request.
  Time since last request: 3.048928 seconds.
  path: Assets/Prefaps/Items
  artifactKey: Guid(777a0b8b7d412df45bd228eecb1819f5) Importer(815301076,1909f56bfc062723c751e8b465ee728b)
Start importing Assets/Prefaps/Items using Guid(777a0b8b7d412df45bd228eecb1819f5) Importer(815301076,1909f56bfc062723c751e8b465ee728b)  -> (artifact id: '4eaf47e6f138328bf0204ce215ab550c') in 0.006284 seconds
  Import took 0.009103 seconds .

========================================================================
Received Import Request.
  Time since last request: 0.000266 seconds.
  path: Assets/Prefaps/Items/Muhan.prefab
  artifactKey: Guid(64e7ea91bdeac694fac3d274c450bdab) Importer(815301076,1909f56bfc062723c751e8b465ee728b)
Start importing Assets/Prefaps/Items/Muhan.prefab using Guid(64e7ea91bdeac694fac3d274c450bdab) Importer(815301076,1909f56bfc062723c751e8b465ee728b)  -> (artifact id: '4c32291f9715edc82f1246ec17e6fbec') in 0.011364 seconds
  Import took 0.014734 seconds .

========================================================================
Received Import Request.
  Time since last request: 0.000217 seconds.
  path: Assets/Prefaps/Items/Baramgaebi.prefab
  artifactKey: Guid(429b5d8862a3ae043bd61f415dab26eb) Importer(815301076,1909f56bfc062723c751e8b465ee728b)
Start importing Assets/Prefaps/Items/Baramgaebi.prefab using Guid(429b5d8862a3ae043bd61f415dab26eb) Importer(815301076,1909f56bfc062723c751e8b465ee728b)  -> (artifact id: 'ecd7e51bcb000388a56735f57625570e') in 0.011210 seconds
  Import took 0.014144 seconds .

========================================================================
Received Import Request.
  Time since last request: 0.000175 seconds.
  path: Assets/Prefaps/Items/Mudang.prefab
  artifactKey: Guid(407a3aba560558f44a4c327e4d1f2ff9) Importer(815301076,1909f56bfc062723c751e8b465ee728b)
Start importing Assets/Prefaps/Items/Mudang.prefab using Guid(407a3aba560558f44a4c327e4d1f2ff9) Importer(815301076,1909f56bfc062723c751e8b465ee728b)  -> (artifact id: '4ae3ca00b0516e462a60b1604f9ec3f2') in 0.011513 seconds
  Import took 0.014039 seconds .

========================================================================
Received Prepare
Registering precompiled user dll's ...
Registered in 0.000948 seconds.
Begin MonoManager ReloadAssembly
Native extension for WindowsStandalone target not found
Refreshing native plugins compatible for Editor in 0.33 ms, found 1 plugins.
Preloading 0 native plugins for Editor in 0.00 ms.
Mono: successfully reloaded assembly
- Completed reload, in  0.729 seconds
Platform modules already initialized, skipping
Refreshing native plugins compatible for Editor in 0.31 ms, found 1 plugins.
Preloading 0 native plugins for Editor in 0.00 ms.
Unloading 1805 Unused Serialized files (Serialized files now loaded: 0)
System memory in use before: 90.7 MB.
System memory in use after: 90.7 MB.

Unloading 12 unused Assets to reduce memory usage. Loaded Objects now: 2279.
Total: 1.925200 ms (FindLiveObjects: 0.221800 ms CreateObjectMapping: 0.098300 ms MarkObjects: 1.426300 ms  DeleteObjects: 0.177800 ms)

AssetImportWorkerClient::OnTransportError - code=2 error=End of file
